Build started 02.11.2015 1:16:40.
     1>Project "D:\C++\DirectX\2d-game-master\2d-game-master\Chili DirectX Framework\Chili DirectX Framework.vcxproj" on node 2 (Build target(s)).
     1>ClCompile:
         C:\Program Files (x86)\Microsoft Visual Studio 14.0\VC\bin\CL.exe /c /Zi /nologo /W3 /WX- /O2 /Oi /Oy- /GL /D WIN32 /D NDEBUG /D _WINDOWS /D _UNICODE /D UNICODE /Gm- /EHsc /MD /GS /Gy /fp:precise /Zc:wchar_t /Zc:forScope /Zc:inline /Fo"Release\\" /Fd"Release\vc140.pdb" /Gd /TP /analyze- /errorReport:prompt ..\Assets\Game.cpp
         Game.cpp
     1>d:\c++\directx\2d-game-master\2d-game-master\assets\Game.h(38): warning C4244: '=': conversion from 'int' to 'float', possible loss of data
     1>d:\c++\directx\2d-game-master\2d-game-master\assets\Game.h(39): warning C4244: '=': conversion from 'int' to 'float', possible loss of data
     1>..\Assets\Game.cpp(37): warning C4244: '=': conversion from 'int' to 'float', possible loss of data
     1>..\Assets\Game.cpp(38): warning C4244: '=': conversion from 'int' to 'float', possible loss of data
     1>..\Assets\Game.cpp(43): warning C4244: '=': conversion from 'int' to 'float', possible loss of data
     1>..\Assets\Game.cpp(44): warning C4244: '=': conversion from 'int' to 'float', possible loss of data
     1>..\Assets\Game.cpp(369): warning C4244: 'argument': conversion from 'float' to 'int', possible loss of data
     1>..\Assets\Game.cpp(2441): warning C4244: '=': conversion from 'int' to 'float', possible loss of data
     1>..\Assets\Game.cpp(2452): warning C4244: '=': conversion from 'int' to 'float', possible loss of data
     1>..\Assets\Game.cpp(2481): warning C4244: '=': conversion from 'int' to 'float', possible loss of data
     1>..\Assets\Game.cpp(2482): warning C4244: '=': conversion from 'int' to 'float', possible loss of data
     1>..\Assets\Game.cpp(2503): warning C4244: 'argument': conversion from 'float' to 'int', possible loss of data
     1>..\Assets\Game.cpp(2505): warning C4244: 'argument': conversion from 'float' to 'int', possible loss of data
       Link:
         C:\Program Files (x86)\Microsoft Visual Studio 14.0\VC\bin\link.exe /ERRORREPORT:PROMPT /OUT:"D:\C++\DirectX\2d-game-master\2d-game-master\Release\Chili DirectX Framework.exe" /INCREMENTAL:NO /NOLOGO dxerr.lib dxguid.lib d3dx9.lib d3dx10.lib d3d9.lib winmm.lib comctl32.lib kernel32.lib user32.lib gdi32.lib winspool.lib comdlg32.lib advapi32.lib shell32.lib ole32.lib oleaut32.lib uuid.lib odbc32.lib odbccp32.lib /MANIFEST /MANIFESTUAC:"level='asInvoker' uiAccess='false'" /manifest:embed /Debug /PDB:"D:\C++\DirectX\2d-game-master\2d-game-master\Release\Chili DirectX Framework.pdb" /SUBSYSTEM:WINDOWS /OPT:REF /OPT:ICF /LTCG:incremental /TLBID:1 /DYNAMICBASE /NXCOMPAT /IMPLIB:"D:\C++\DirectX\2d-game-master\2d-game-master\Release\Chili DirectX Framework.lib" /MACHINE:X86 /SAFESEH Release\D3DGraphics.obj
         Release\Game.obj
         Release\Keyboard.obj
         Release\Timer.obj
         Release\Windows.obj
         ..\Assets\ChiliDirectXFramework.res
         Generating code
         5 of 46 functions (10.9%) were compiled, the rest were copied from previous compilation.
           0 functions were new in current compilation
           0 functions had inline decision re-evaluated but remain unchanged
         Finished generating code
         Chili DirectX Framework.vcxproj -> D:\C++\DirectX\2d-game-master\2d-game-master\Release\Chili DirectX Framework.exe
     1>Done Building Project "D:\C++\DirectX\2d-game-master\2d-game-master\Chili DirectX Framework\Chili DirectX Framework.vcxproj" (Build target(s)).

Build succeeded.

Time Elapsed 00:00:00.93
